<?xml version="1.0" encoding="UTF-8"?>
<!-- Generated by org.testng.reporters.JUnitXMLReporter -->
<testsuite ignored="0" hostname="LAPTOP-ST80I3H1" failures="0" tests="7" name="Test" time="0.208" errors="0" timestamp="2025-05-14T07:35:23 IST">
  <testcase classname="TestNG.script2MulTests" name="createAcc" time="0.019"/>
  <testcase classname="TestNG.script2MulTests" name="delAcc" time="0.005"/>
  <testcase classname="TestNG.script2MulTests" name="editAcc" time="0.004"/>
  <testcase classname="TestNG.script3Priority" name="createAcc" time="0.006"/>
  <testcase classname="TestNG.script3Priority" name="editAcc" time="0.006"/>
  <testcase classname="TestNG.script3Priority" name="delAcc" time="0.002"/>
  <testcase classname="TestNG.script1" name="test1" time="0.01"/>
</testsuite> <!-- Test -->
