<?xml version="1.0" encoding="UTF-8"?>
<testng-results ignored="0" total="1" passed="1" failed="0" skipped="0">
  <reporter-output>
  </reporter-output>
  <suite started-at="2025-05-14T08:15:29 IST" name="Default suite" finished-at="2025-05-14T08:15:51 IST" duration-ms="21145">
    <groups>
    </groups>
    <test started-at="2025-05-14T08:15:29 IST" name="Default test" finished-at="2025-05-14T08:15:51 IST" duration-ms="21145">
      <class name="TestNG.Screenshot">
        <test-method signature="screenShot()[pri:0, instance:TestNG.Screenshot@55183b20]" started-at="2025-05-14T08:15:30 IST" name="screenShot" finished-at="2025-05-14T08:15:51 IST" duration-ms="21052" status="PASS">
          <reporter-output>
          </reporter-output>
        </test-method> <!-- screenShot -->
      </class> <!-- TestNG.Screenshot -->
    </test> <!-- Default test -->
  </suite> <!-- Default suite -->
</testng-results>
